<?xml version="1.0" encoding="UTF-8"?>
<!-- Generated by org.testng.reporters.JUnitReportReporter -->
<testsuite skipped="0" hostname="US5CG633301B" name="testcases.Day3_UsingJavaScriptExecutor" tests="1" failures="0" timestamp="19 Sep 2018 08:26:02 GMT" time="8.072" errors="0">
  <testcase name="pageScrollValidation" time="8.072" classname="testcases.Day3_UsingJavaScriptExecutor"/>
</testsuite> <!-- testcases.Day3_UsingJavaScriptExecutor -->
