<?xml version="1.0" encoding="UTF-8"?>
<!-- Generated by org.testng.reporters.JUnitReportReporter -->
<testsuite skipped="0" hostname="US5CG633301B" name="testngexamples.TestNG7" tests="4" failures="0" timestamp="18 Sep 2018 09:34:48 GMT" time="0.027" errors="0">
  <testcase name="t2" time="0.005" classname="testngexamples.TestNG7"/>
  <testcase name="t4" time="0.005" classname="testngexamples.TestNG7"/>
  <testcase name="t1" time="0.012" classname="testngexamples.TestNG7"/>
  <testcase name="t3" time="0.005" classname="testngexamples.TestNG7"/>
</testsuite> <!-- testngexamples.TestNG7 -->
