<?xml version="1.0" encoding="UTF-8"?>
<!-- Generated by org.testng.reporters.JUnitReportReporter -->
<testsuite skipped="0" hostname="US5CG633301B" name="testngexamples.TestNG1" tests="4" failures="0" timestamp="18 Sep 2018 07:30:59 GMT" time="0.043" errors="0">
  <testcase name="t4" time="0.004" classname="testngexamples.TestNG1"/>
  <testcase name="t3" time="0.004" classname="testngexamples.TestNG1"/>
  <testcase name="t1" time="0.029" classname="testngexamples.TestNG1"/>
  <testcase name="t2" time="0.006" classname="testngexamples.TestNG1"/>
</testsuite> <!-- testngexamples.TestNG1 -->
