<?xml version="1.0" encoding="UTF-8"?>
<!-- Generated by org.testng.reporters.JUnitReportReporter -->
<testsuite skipped="0" hostname="US5CG633301B" name="testngexamples.TestNG6" tests="3" failures="0" timestamp="18 Sep 2018 09:33:54 GMT" time="0.044" errors="0">
  <testcase name="login" time="0.004" classname="testngexamples.TestNG6"/>
  <testcase name="login" time="0.007" classname="testngexamples.TestNG6"/>
  <testcase name="login" time="0.033" classname="testngexamples.TestNG6"/>
</testsuite> <!-- testngexamples.TestNG6 -->
