<?xml version="1.0" encoding="UTF-8"?>
<!-- Generated by org.testng.reporters.JUnitReportReporter -->
<testsuite skipped="0" hostname="US5CG633301B" name="testngexamples.TestNG2" tests="4" failures="0" timestamp="18 Sep 2018 07:36:19 GMT" time="0.067" errors="0">
  <testcase name="t3" time="0.046" classname="testngexamples.TestNG2"/>
  <testcase name="a4" time="0.008" classname="testngexamples.TestNG2"/>
  <testcase name="t2" time="0.006" classname="testngexamples.TestNG2"/>
  <testcase name="t1" time="0.007" classname="testngexamples.TestNG2"/>
</testsuite> <!-- testngexamples.TestNG2 -->
