<?xml version="1.0" encoding="UTF-8"?>
<!-- Generated by org.testng.reporters.JUnitReportReporter -->
<testsuite skipped="1" hostname="US5CG633301B" name="testngexamples.TestNG3" tests="13" failures="0" timestamp="18 Sep 2018 07:39:40 GMT" time="0.097" errors="0">
  <testcase name="t2" time="0.005" classname="testngexamples.TestNG3"/>
  <testcase name="t2" time="0.004" classname="testngexamples.TestNG3"/>
  <testcase name="t2" time="0.007" classname="testngexamples.TestNG3"/>
  <testcase name="t2" time="0.005" classname="testngexamples.TestNG3"/>
  <testcase name="t2" time="0.006" classname="testngexamples.TestNG3"/>
  <testcase name="t3" time="0.006" classname="testngexamples.TestNG3"/>
  <testcase name="t2" time="0.004" classname="testngexamples.TestNG3"/>
  <testcase name="t2" time="0.007" classname="testngexamples.TestNG3"/>
  <testcase name="t2" time="0.036" classname="testngexamples.TestNG3"/>
  <testcase name="t4" time="0.003" classname="testngexamples.TestNG3"/>
  <testcase name="t2" time="0.011" classname="testngexamples.TestNG3"/>
  <testcase name="t2" time="0.003" classname="testngexamples.TestNG3"/>
  <testcase name="t1" classname="testngexamples.TestNG3">
    <skipped/>
  </testcase> <!-- t1 -->
</testsuite> <!-- testngexamples.TestNG3 -->
